<?xml version="1.0" encoding="UTF-8"?>
<robot generator="Robot 4.1 (Python 3.8.10 on win32)" generated="20220210 10:51:22.025" rpa="false" schemaversion="2">
<suite id="s1" name="Robot Interactive Console" source="c:\Users\Kahfi\.vscode\extensions\robocorp.robotframework-lsp-0.39.0\src\robotframework_ls\vendored\robotframework_interactive\robot_interactive_console.robot">
<test id="s1-t1" name="Default Task/Test">
<kw name="Interpreter Main Loop" library="MainLoop">
<status status="PASS" starttime="20220210 10:51:22.055" endtime="20220210 10:51:25.199"/>
</kw>
<status status="PASS" starttime="20220210 10:51:22.054" endtime="20220210 10:51:25.200"/>
</test>
<status status="PASS" starttime="20220210 10:51:22.026" endtime="20220210 10:51:25.201"/>
</suite>
<statistics>
<total>
<stat pass="1" fail="0" skip="0">All Tests</stat>
</total>
<tag>
</tag>
<suite>
<stat pass="1" fail="0" skip="0" id="s1" name="Robot Interactive Console">Robot Interactive Console</stat>
</suite>
</statistics>
<errors>
</errors>
</robot>
